<?xml version="1.0" encoding="UTF-8"?>
<testng-results ignored="0" total="3" passed="3" failed="0" skipped="0">
  <reporter-output>
  </reporter-output>
  <suite started-at="2023-04-18T22:08:57 EDT" name="Default suite" finished-at="2023-04-18T22:09:01 EDT" duration-ms="4338">
    <groups>
    </groups>
    <test started-at="2023-04-18T22:08:57 EDT" name="Default test" finished-at="2023-04-18T22:09:01 EDT" duration-ms="4338">
      <class name="goRest.Create_Update_Delete_User">
        <test-method is-config="true" signature="createPayload()[pri:0, instance:goRest.Create_Update_Delete_User@5552768b]" started-at="2023-04-18T22:08:57 EDT" name="createPayload" finished-at="2023-04-18T22:08:57 EDT" duration-ms="436" status="PASS">
          <reporter-output>
          </reporter-output>
        </test-method> <!-- createPayload -->
        <test-method signature="createUser()[pri:0, instance:goRest.Create_Update_Delete_User@5552768b]" started-at="2023-04-18T22:08:57 EDT" name="createUser" finished-at="2023-04-18T22:09:00 EDT" duration-ms="2991" status="PASS">
          <reporter-output>
          </reporter-output>
        </test-method> <!-- createUser -->
        <test-method signature="updateUser()[pri:1, instance:goRest.Create_Update_Delete_User@5552768b]" started-at="2023-04-18T22:09:00 EDT" name="updateUser" finished-at="2023-04-18T22:09:01 EDT" duration-ms="452" status="PASS">
          <reporter-output>
          </reporter-output>
        </test-method> <!-- updateUser -->
        <test-method signature="deleteUser()[pri:2, instance:goRest.Create_Update_Delete_User@5552768b]" started-at="2023-04-18T22:09:01 EDT" name="deleteUser" finished-at="2023-04-18T22:09:01 EDT" duration-ms="413" status="PASS">
          <reporter-output>
          </reporter-output>
        </test-method> <!-- deleteUser -->
      </class> <!-- goRest.Create_Update_Delete_User -->
    </test> <!-- Default test -->
  </suite> <!-- Default suite -->
</testng-results>
