<?xml version="1.0" encoding="UTF-8"?>
<!-- Generated by org.testng.reporters.JUnitXMLReporter -->
<testsuite ignored="0" hostname="Tahera_Atbin" failures="0" tests="3" name="Default test" time="4.338" errors="0" timestamp="2023-04-18T22:09:01 EDT">
  <testcase classname="goRest.Create_Update_Delete_User" name="createUser" time="2.991"/>
  <testcase classname="goRest.Create_Update_Delete_User" name="updateUser" time="0.452"/>
  <testcase classname="goRest.Create_Update_Delete_User" name="deleteUser" time="0.413"/>
</testsuite> <!-- Default test -->
