<?xml version="1.0" encoding="UTF-8"?>
<testng-results ignored="0" total="5" passed="5" failed="0" skipped="0">
  <reporter-output>
  </reporter-output>
  <suite started-at="2023-04-17T19:39:22 EDT" name="Default suite" finished-at="2023-04-17T19:39:35 EDT" duration-ms="12885">
    <groups>
      <group name="cucumber">
        <method signature="AbstractTestNGCucumberTests.runScenario(io.cucumber.testng.PickleWrapper,io.cucumber.testng.FeatureWrapper)[pri:0, instance:com.saucedemo.testscripts.TestRunner@49ec71f8]" name="runScenario" class="io.cucumber.testng.AbstractTestNGCucumberTests"/>
      </group> <!-- cucumber -->
    </groups>
    <test started-at="2023-04-17T19:39:22 EDT" name="Default test" finished-at="2023-04-17T19:39:35 EDT" duration-ms="12885">
      <class name="com.saucedemo.testscripts.TestRunner">
        <test-method is-config="true" signature="setUpClass(org.testng.ITestContext)[pri:0, instance:com.saucedemo.testscripts.TestRunner@49ec71f8]" started-at="2023-04-17T19:39:22 EDT" name="setUpClass" finished-at="2023-04-17T19:39:23 EDT" duration-ms="413" status="PASS">
          <params>
            <param index="0">
              <value>
                <![CDATA[org.testng.TestRunner@118041c7]]>
              </value>
            </param>
          </params>
          <reporter-output>
          </reporter-output>
        </test-method> <!-- setUpClass -->
        <test-method signature="runScenario(io.cucumber.testng.PickleWrapper,io.cucumber.testng.FeatureWrapper)[pri:0, instance:com.saucedemo.testscripts.TestRunner@49ec71f8]" started-at="2023-04-17T19:39:23 EDT" name="runScenario" description="Runs Cucumber Scenarios" data-provider="scenarios" finished-at="2023-04-17T19:39:26 EDT" duration-ms="2975" status="PASS">
          <params>
            <param index="0">
              <value>
                <![CDATA["remove the item from fifth scenario"]]>
              </value>
            </param>
            <param index="1">
              <value>
                <![CDATA["Optional[Fifth scenario test]"]]>
              </value>
            </param>
          </params>
          <reporter-output>
          </reporter-output>
        </test-method> <!-- runScenario -->
        <test-method signature="runScenario(io.cucumber.testng.PickleWrapper,io.cucumber.testng.FeatureWrapper)[pri:0, instance:com.saucedemo.testscripts.TestRunner@49ec71f8]" started-at="2023-04-17T19:39:26 EDT" name="runScenario" description="Runs Cucumber Scenarios" data-provider="scenarios" finished-at="2023-04-17T19:39:28 EDT" duration-ms="1934" status="PASS">
          <params>
            <param index="0">
              <value>
                <![CDATA["Buy two items at the first scenario"]]>
              </value>
            </param>
            <param index="1">
              <value>
                <![CDATA["Optional[First scenario test]"]]>
              </value>
            </param>
          </params>
          <reporter-output>
          </reporter-output>
        </test-method> <!-- runScenario -->
        <test-method signature="runScenario(io.cucumber.testng.PickleWrapper,io.cucumber.testng.FeatureWrapper)[pri:0, instance:com.saucedemo.testscripts.TestRunner@49ec71f8]" started-at="2023-04-17T19:39:28 EDT" name="runScenario" description="Runs Cucumber Scenarios" data-provider="scenarios" finished-at="2023-04-17T19:39:30 EDT" duration-ms="1965" status="PASS">
          <params>
            <param index="0">
              <value>
                <![CDATA["Sort the items price from low to high in fourth scenario"]]>
              </value>
            </param>
            <param index="1">
              <value>
                <![CDATA["Optional[Fourth scenario test]"]]>
              </value>
            </param>
          </params>
          <reporter-output>
          </reporter-output>
        </test-method> <!-- runScenario -->
        <test-method signature="runScenario(io.cucumber.testng.PickleWrapper,io.cucumber.testng.FeatureWrapper)[pri:0, instance:com.saucedemo.testscripts.TestRunner@49ec71f8]" started-at="2023-04-17T19:39:30 EDT" name="runScenario" description="Runs Cucumber Scenarios" data-provider="scenarios" finished-at="2023-04-17T19:39:31 EDT" duration-ms="1569" status="PASS">
          <params>
            <param index="0">
              <value>
                <![CDATA["Verify the err message in second scenario"]]>
              </value>
            </param>
            <param index="1">
              <value>
                <![CDATA["Optional[Second scenario test]"]]>
              </value>
            </param>
          </params>
          <reporter-output>
          </reporter-output>
        </test-method> <!-- runScenario -->
        <test-method signature="runScenario(io.cucumber.testng.PickleWrapper,io.cucumber.testng.FeatureWrapper)[pri:0, instance:com.saucedemo.testscripts.TestRunner@49ec71f8]" started-at="2023-04-17T19:39:31 EDT" name="runScenario" description="Runs Cucumber Scenarios" data-provider="scenarios" finished-at="2023-04-17T19:39:33 EDT" duration-ms="1879" status="PASS">
          <params>
            <param index="0">
              <value>
                <![CDATA["Buy first item in third scenario"]]>
              </value>
            </param>
            <param index="1">
              <value>
                <![CDATA["Optional[Third scenario test]"]]>
              </value>
            </param>
          </params>
          <reporter-output>
          </reporter-output>
        </test-method> <!-- runScenario -->
        <test-method is-config="true" signature="tearDownClass()[pri:0, instance:com.saucedemo.testscripts.TestRunner@49ec71f8]" started-at="2023-04-17T19:39:33 EDT" name="tearDownClass" finished-at="2023-04-17T19:39:35 EDT" duration-ms="2118" status="PASS">
          <reporter-output>
          </reporter-output>
        </test-method> <!-- tearDownClass -->
      </class> <!-- com.saucedemo.testscripts.TestRunner -->
    </test> <!-- Default test -->
  </suite> <!-- Default suite -->
</testng-results>
